{"numFailedTestSuites":0,"numFailedTests":0,"numPassedTestSuites":2,"numPassedTests":18,"numPendingTestSuites":0,"numPendingTests":0,"numRuntimeErrorTestSuites":0,"numTodoTests":0,"numTotalTestSuites":2,"numTotalTests":18,"openHandles":[],"snapshot":{"added":0,"didUpdate":false,"failure":false,"filesAdded":0,"filesRemoved":0,"filesRemovedList":[],"filesUnmatched":0,"filesUpdated":0,"matched":0,"total":0,"unchecked":0,"uncheckedKeysByFile":[],"unmatched":0,"updated":0},"startTime":1749212260360,"success":true,"testResults":[{"assertionResults":[{"ancestorTitles":["ContextManager.resolveAnaphora","Energy Type Pronoun Resolution"],"duration":10,"failureDetails":[],"failureMessages":[],"fullName":"ContextManager.resolveAnaphora Energy Type Pronoun Resolution should replace \"it\" when referring to energy type in production queries","invocations":1,"location":null,"numPassingAsserts":1,"retryReasons":[],"status":"passed","title":"should replace \"it\" when referring to energy type in production queries"},{"ancestorTitles":["ContextManager.resolveAnaphora","Energy Type Pronoun Resolution"],"duration":2,"failureDetails":[],"failureMessages":[],"fullName":"ContextManager.resolveAnaphora Energy Type Pronoun Resolution should replace \"its\" near energy keywords like \"data\"","invocations":1,"location":null,"numPassingAsserts":1,"retryReasons":[],"status":"passed","title":"should replace \"its\" near energy keywords like \"data\""},{"ancestorTitles":["ContextManager.resolveAnaphora","Energy Type Pronoun Resolution"],"duration":10,"failureDetails":[],"failureMessages":[],"fullName":"ContextManager.resolveAnaphora Energy Type Pronoun Resolution should replace \"it\" in \"what about it\" if energy type is in context","invocations":1,"location":null,"numPassingAsserts":1,"retryReasons":[],"status":"passed","title":"should replace \"it\" in \"what about it\" if energy type is in context"},{"ancestorTitles":["ContextManager.resolveAnaphora","Energy Type Pronoun Resolution"],"duration":3,"failureDetails":[],"failureMessages":[],"fullName":"ContextManager.resolveAnaphora Energy Type Pronoun Resolution should not replace \"it\" if not clearly referring to energy type context","invocations":1,"location":null,"numPassingAsserts":1,"retryReasons":[],"status":"passed","title":"should not replace \"it\" if not clearly referring to energy type context"},{"ancestorTitles":["ContextManager.resolveAnaphora","Country Pronoun Resolution"],"duration":2,"failureDetails":[],"failureMessages":[],"fullName":"ContextManager.resolveAnaphora Country Pronoun Resolution should replace \"they\" when referring to country in production queries","invocations":1,"location":null,"numPassingAsserts":1,"retryReasons":[],"status":"passed","title":"should replace \"they\" when referring to country in production queries"},{"ancestorTitles":["ContextManager.resolveAnaphora","Country Pronoun Resolution"],"duration":3,"failureDetails":[],"failureMessages":[],"fullName":"ContextManager.resolveAnaphora Country Pronoun Resolution should replace \"them\" near country keywords like \"data for them\"","invocations":1,"location":null,"numPassingAsserts":1,"retryReasons":[],"status":"passed","title":"should replace \"them\" near country keywords like \"data for them\""},{"ancestorTitles":["ContextManager.resolveAnaphora","Country Pronoun Resolution"],"duration":3,"failureDetails":[],"failureMessages":[],"fullName":"ContextManager.resolveAnaphora Country Pronoun Resolution should replace \"it\" in \"about it\" if country is in context and no energyType","invocations":1,"location":null,"numPassingAsserts":1,"retryReasons":[],"status":"passed","title":"should replace \"it\" in \"about it\" if country is in context and no energyType"},{"ancestorTitles":["ContextManager.resolveAnaphora","Country Pronoun Resolution"],"duration":3,"failureDetails":[],"failureMessages":[],"fullName":"ContextManager.resolveAnaphora Country Pronoun Resolution should not replace \"they\" if not clearly referring to country context","invocations":1,"location":null,"numPassingAsserts":1,"retryReasons":[],"status":"passed","title":"should not replace \"they\" if not clearly referring to country context"},{"ancestorTitles":["ContextManager.resolveAnaphora","No Context or No Anaphora"],"duration":1,"failureDetails":[],"failureMessages":[],"fullName":"ContextManager.resolveAnaphora No Context or No Anaphora should return text unchanged if no lastMentioned entities","invocations":1,"location":null,"numPassingAsserts":1,"retryReasons":[],"status":"passed","title":"should return text unchanged if no lastMentioned entities"},{"ancestorTitles":["ContextManager.resolveAnaphora","No Context or No Anaphora"],"duration":1,"failureDetails":[],"failureMessages":[],"fullName":"ContextManager.resolveAnaphora No Context or No Anaphora should return text unchanged if no pronouns are present","invocations":1,"location":null,"numPassingAsserts":1,"retryReasons":[],"status":"passed","title":"should return text unchanged if no pronouns are present"},{"ancestorTitles":["ContextManager.resolveAnaphora","No Context or No Anaphora"],"duration":1,"failureDetails":[],"failureMessages":[],"fullName":"ContextManager.resolveAnaphora No Context or No Anaphora should handle empty string input","invocations":1,"location":null,"numPassingAsserts":1,"retryReasons":[],"status":"passed","title":"should handle empty string input"},{"ancestorTitles":["ContextManager.resolveAnaphora","Overlapping Pronoun Resolution (it/its)"],"duration":1,"failureDetails":[],"failureMessages":[],"fullName":"ContextManager.resolveAnaphora Overlapping Pronoun Resolution (it/its) should prefer energy type for \"its production\" when both contexts exist","invocations":1,"location":null,"numPassingAsserts":1,"retryReasons":[],"status":"passed","title":"should prefer energy type for \"its production\" when both contexts exist"},{"ancestorTitles":["ContextManager.resolveAnaphora","Overlapping Pronoun Resolution (it/its)"],"duration":1,"failureDetails":[],"failureMessages":[],"fullName":"ContextManager.resolveAnaphora Overlapping Pronoun Resolution (it/its) should replace country for \"their data\" when both contexts exist","invocations":1,"location":null,"numPassingAsserts":1,"retryReasons":[],"status":"passed","title":"should replace country for \"their data\" when both contexts exist"}],"endTime":1749212262385,"message":"","name":"/app/src/utils/nlp/contextManager.test.js","startTime":1749212261336,"status":"passed","summary":""},{"assertionResults":[{"ancestorTitles":["MessageService Response Phrasing","createBotResponse varied introductions"],"duration":11,"failureDetails":[],"failureMessages":[],"fullName":"MessageService Response Phrasing createBotResponse varied introductions should use the first introductory phrase and fill topic","invocations":1,"location":null,"numPassingAsserts":2,"retryReasons":[],"status":"passed","title":"should use the first introductory phrase and fill topic"},{"ancestorTitles":["MessageService Response Phrasing","createBotResponse varied introductions"],"duration":1,"failureDetails":[],"failureMessages":[],"fullName":"MessageService Response Phrasing createBotResponse varied introductions should use a different introductory phrase if mock is changed","invocations":1,"location":null,"numPassingAsserts":1,"retryReasons":[],"status":"passed","title":"should use a different introductory phrase if mock is changed"},{"ancestorTitles":["MessageService Response Phrasing","createBotResponse varied introductions"],"duration":1,"failureDetails":[],"failureMessages":[],"fullName":"MessageService Response Phrasing createBotResponse varied introductions should verify multiple calls can produce different intros (conceptual, requires unmocked or more complex mock)","invocations":1,"location":null,"numPassingAsserts":1,"retryReasons":[],"status":"passed","title":"should verify multiple calls can produce different intros (conceptual, requires unmocked or more complex mock)"},{"ancestorTitles":["MessageService Response Phrasing","processUserInput varied Eurostat responses"],"duration":2,"failureDetails":[],"failureMessages":[],"fullName":"MessageService Response Phrasing processUserInput varied Eurostat responses should use the first Eurostat phrase and fill placeholders","invocations":1,"location":null,"numPassingAsserts":1,"retryReasons":[],"status":"passed","title":"should use the first Eurostat phrase and fill placeholders"},{"ancestorTitles":["MessageService Response Phrasing","processUserInput varied Eurostat responses"],"duration":2,"failureDetails":[],"failureMessages":[],"fullName":"MessageService Response Phrasing processUserInput varied Eurostat responses should use a different Eurostat phrase if mock is changed","invocations":1,"location":null,"numPassingAsserts":1,"retryReasons":[],"status":"passed","title":"should use a different Eurostat phrase if mock is changed"}],"endTime":1749212265597,"message":"","name":"/app/src/services/MessageService.test.js","startTime":1749212261331,"status":"passed","summary":""}],"wasInterrupted":false}
